<?xml version="1.0" encoding="UTF-8"?>
<!-- Generated by org.testng.reporters.JUnitReportReporter -->
<testsuite hostname="DESKTOP-CJA0QNI" failures="0" tests="3" name="com.microfocus.test.ZDemoTest" time="13.672" errors="0" timestamp="2023-09-07T12:08:37 IST" skipped="0">
  <testcase classname="com.microfocus.test.ZDemoTest" name="validLogin" time="6.345"/>
  <testcase classname="com.microfocus.test.ZDemoTest" name="validLogin" time="3.437"/>
  <testcase classname="com.microfocus.test.ZDemoTest" name="validLogin" time="3.890"/>
</testsuite> <!-- com.microfocus.test.ZDemoTest -->
