<?xml version="1.0" encoding="UTF-8"?>
<!-- Generated by org.testng.reporters.JUnitReportReporter -->
<testsuite hostname="DESKTOP-CJA0QNI" failures="0" tests="2" name="com.microfocus.test.LoginTest" time="75.421" errors="0" timestamp="2023-09-07T15:31:54 IST" skipped="0">
  <testcase classname="com.microfocus.test.LoginTest" name="validLoginTest" time="32.620"/>
  <testcase classname="com.microfocus.test.LoginTest" name="validLoginTest" time="42.801"/>
</testsuite> <!-- com.microfocus.test.LoginTest -->
