<?xml version="1.0" encoding="UTF-8"?>
<!-- Generated by org.testng.reporters.JUnitReportReporter -->
<testsuite hostname="DESKTOP-CJA0QNI" failures="0" tests="1" name="com.microfocus.test.LoginUITest" time="9.894" errors="0" timestamp="2023-09-07T15:57:36 IST" skipped="0">
  <testcase classname="com.microfocus.test.LoginUITest" name="validateTitleTest" time="9.894"/>
</testsuite> <!-- com.microfocus.test.LoginUITest -->
